<?xml version="1.0" encoding="UTF-8"?>
<testng-results ignored="0" total="1" passed="1" failed="0" skipped="0">
  <reporter-output>
  </reporter-output>
  <suite started-at="2020-11-10T14:03:39 IST" name="Suite" finished-at="2020-11-10T14:03:51 IST" duration-ms="12505">
    <groups>
    </groups>
    <test started-at="2020-11-10T14:03:39 IST" name="Test" finished-at="2020-11-10T14:03:51 IST" duration-ms="12505">
      <class name="com.sampleproject.Sample">
        <test-method is-config="true" signature="beforeTest()[pri:0, instance:com.sampleproject.Sample@1677d1]" started-at="2020-11-10T14:03:39 IST" name="beforeTest" finished-at="2020-11-10T14:03:39 IST" duration-ms="9" status="PASS">
          <reporter-output>
          </reporter-output>
        </test-method> <!-- beforeTest -->
        <test-method signature="test()[pri:0, instance:com.sampleproject.Sample@1677d1]" started-at="2020-11-10T14:03:39 IST" name="test" finished-at="2020-11-10T14:03:50 IST" duration-ms="11532" status="PASS">
          <reporter-output>
          </reporter-output>
        </test-method> <!-- test -->
        <test-method is-config="true" signature="afterTest()[pri:0, instance:com.sampleproject.Sample@1677d1]" started-at="2020-11-10T14:03:50 IST" name="afterTest" finished-at="2020-11-10T14:03:51 IST" duration-ms="922" status="PASS">
          <reporter-output>
          </reporter-output>
        </test-method> <!-- afterTest -->
      </class> <!-- com.sampleproject.Sample -->
    </test> <!-- Test -->
  </suite> <!-- Suite -->
</testng-results>
